# JRE version: OpenJDK Runtime Environment (21.0.8) (build 21.0.8+-14196175-b1038.72)
# Java VM: OpenJDK 64-Bit Server VM (21.0.8+-14196175-b1038.72, mixed mode, tiered, compressed oops, compressed class ptrs, g1 gc, windows-amd64)
GC Precious Log:
 CardTable entry size: 512
 Card Set container configuration: InlinePtr #cards 5 size 8 Array Of Cards #cards 12 size 40 Howl #buckets 4 coarsen threshold 1843 Howl Bitmap #cards 512 size 80 coarsen threshold 460 Card regions per heap region 1 cards per card region 2048
 CPUs: 12 total, 12 available
 Memory: 16108M
 Large Page Support: Disabled
 NUMA Support: Disabled
 Compressed Oops: Enabled (32-bit)
 Heap Region Size: 1M
 Heap Min Capacity: 8M
 Heap Initial Capacity: 252M
 Heap Max Capacity: 2G
 Pre-touch: Disabled
 Parallel Workers: 10
 Concurrent Workers: 3
 Concurrent Refinement Workers: 10
 Periodic GC: Disabled
Heap:
 garbage-first heap   total 261120K, used 165297K [0x0000000080000000, 0x0000000100000000)
  region size 1024K, 9 young (9216K), 7 survivors (7168K)
 Metaspace       used 113497K, committed 115776K, reserved 1179648K
  class space    used 16054K, committed 17152K, reserved 1048576K
GC Heap History (20 events):
Event: 17.211 GC heap before
{Heap before GC invocations=31 (full 0):
 garbage-first heap   total 188416K, used 142053K [0x0000000080000000, 0x0000000100000000)
  region size 1024K, 15 young (15360K), 2 survivors (2048K)
 Metaspace       used 84868K, committed 86784K, reserved 1179648K
  class space    used 11819K, committed 12736K, reserved 1048576K
}
Event: 17.214 GC heap after
{Heap after GC invocations=32 (full 0):
 garbage-first heap   total 188416K, used 131492K [0x0000000080000000, 0x0000000100000000)
  region size 1024K, 4 young (4096K), 4 survivors (4096K)
 Metaspace       used 84868K, committed 86784K, reserved 1179648K
  class space    used 11819K, committed 12736K, reserved 1048576K
}
Event: 17.818 GC heap before
{Heap before GC invocations=33 (full 0):
 garbage-first heap   total 229376K, used 175524K [0x0000000080000000, 0x0000000100000000)
  region size 1024K, 42 young (43008K), 4 survivors (4096K)
 Metaspace       used 86872K, committed 88832K, reserved 1179648K
  class space    used 12116K, committed 13056K, reserved 1048576K
}
Event: 17.823 GC heap after
{Heap after GC invocations=34 (full 0):
 garbage-first heap   total 229376K, used 135779K [0x0000000080000000, 0x0000000100000000)
  region size 1024K, 6 young (6144K), 6 survivors (6144K)
 Metaspace       used 86872K, committed 88832K, reserved 1179648K
  class space    used 12116K, committed 13056K, reserved 1048576K
}
Event: 18.774 GC heap before
{Heap before GC invocations=34 (full 0):
 garbage-first heap   total 229376K, used 200291K [0x0000000080000000, 0x0000000100000000)
  region size 1024K, 66 young (67584K), 6 survivors (6144K)
 Metaspace       used 92672K, committed 94656K, reserved 1179648K
  class space    used 12879K, committed 13824K, reserved 1048576K
}
Event: 18.779 GC heap after
{Heap after GC invocations=35 (full 0):
 garbage-first heap   total 229376K, used 142407K [0x0000000080000000, 0x0000000100000000)
  region size 1024K, 8 young (8192K), 8 survivors (8192K)
 Metaspace       used 92672K, committed 94656K, reserved 1179648K
  class space    used 12879K, committed 13824K, reserved 1048576K
}
Event: 19.590 GC heap before
{Heap before GC invocations=35 (full 0):
 garbage-first heap   total 229376K, used 202823K [0x0000000080000000, 0x0000000100000000)
  region size 1024K, 67 young (68608K), 8 survivors (8192K)
 Metaspace       used 96912K, committed 99008K, reserved 1179648K
  class space    used 13499K, committed 14528K, reserved 1048576K
}
Event: 19.594 GC heap after
{Heap after GC invocations=36 (full 0):
 garbage-first heap   total 229376K, used 145023K [0x0000000080000000, 0x0000000100000000)
  region size 1024K, 7 young (7168K), 7 survivors (7168K)
 Metaspace       used 96912K, committed 99008K, reserved 1179648K
  class space    used 13499K, committed 14528K, reserved 1048576K
}
Event: 20.381 GC heap before
{Heap before GC invocations=37 (full 0):
 garbage-first heap   total 244736K, used 205439K [0x0000000080000000, 0x0000000100000000)
  region size 1024K, 66 young (67584K), 7 survivors (7168K)
 Metaspace       used 99633K, committed 101760K, reserved 1179648K
  class space    used 13872K, committed 14912K, reserved 1048576K
}
Event: 20.386 GC heap after
{Heap after GC invocations=38 (full 0):
 garbage-first heap   total 244736K, used 149543K [0x0000000080000000, 0x0000000100000000)
  region size 1024K, 8 young (8192K), 8 survivors (8192K)
 Metaspace       used 99633K, committed 101760K, reserved 1179648K
  class space    used 13872K, committed 14912K, reserved 1048576K
}
Event: 21.780 GC heap before
{Heap before GC invocations=38 (full 0):
 garbage-first heap   total 244736K, used 220199K [0x0000000080000000, 0x0000000100000000)
  region size 1024K, 76 young (77824K), 8 survivors (8192K)
 Metaspace       used 104934K, committed 107072K, reserved 1179648K
  class space    used 14776K, committed 15808K, reserved 1048576K
}
Event: 21.786 GC heap after
{Heap after GC invocations=39 (full 0):
 garbage-first heap   total 244736K, used 151248K [0x0000000080000000, 0x0000000100000000)
  region size 1024K, 7 young (7168K), 7 survivors (7168K)
 Metaspace       used 104934K, committed 107072K, reserved 1179648K
  class space    used 14776K, committed 15808K, reserved 1048576K
}
Event: 22.457 GC heap before
{Heap before GC invocations=39 (full 0):
 garbage-first heap   total 244736K, used 199376K [0x0000000080000000, 0x0000000100000000)
  region size 1024K, 56 young (57344K), 7 survivors (7168K)
 Metaspace       used 108517K, committed 110720K, reserved 1179648K
  class space    used 15305K, committed 16384K, reserved 1048576K
}
Event: 22.463 GC heap after
{Heap after GC invocations=40 (full 0):
 garbage-first heap   total 244736K, used 153567K [0x0000000080000000, 0x0000000100000000)
  region size 1024K, 5 young (5120K), 5 survivors (5120K)
 Metaspace       used 108517K, committed 110720K, reserved 1179648K
  class space    used 15305K, committed 16384K, reserved 1048576K
}
Event: 23.849 GC heap before
{Heap before GC invocations=41 (full 0):
 garbage-first heap   total 261120K, used 225247K [0x0000000080000000, 0x0000000100000000)
  region size 1024K, 74 young (75776K), 5 survivors (5120K)
 Metaspace       used 113496K, committed 115776K, reserved 1179648K
  class space    used 16054K, committed 17152K, reserved 1048576K
}
Event: 23.854 GC heap after
{Heap after GC invocations=42 (full 0):
 garbage-first heap   total 261120K, used 160881K [0x0000000080000000, 0x0000000100000000)
  region size 1024K, 10 young (10240K), 10 survivors (10240K)
 Metaspace       used 113496K, committed 115776K, reserved 1179648K
  class space    used 16054K, committed 17152K, reserved 1048576K
}
Event: 24.841 GC heap before
{Heap before GC invocations=42 (full 0):
 garbage-first heap   total 261120K, used 235633K [0x0000000080000000, 0x0000000100000000)
  region size 1024K, 83 young (84992K), 10 survivors (10240K)
 Metaspace       used 113496K, committed 115776K, reserved 1179648K
  class space    used 16054K, committed 17152K, reserved 1048576K
}
Event: 24.849 GC heap after
{Heap after GC invocations=43 (full 0):
 garbage-first heap   total 261120K, used 161287K [0x0000000080000000, 0x0000000100000000)
  region size 1024K, 8 young (8192K), 8 survivors (8192K)
 Metaspace       used 113496K, committed 115776K, reserved 1179648K
  class space    used 16054K, committed 17152K, reserved 1048576K
}
Event: 26.384 GC heap before
{Heap before GC invocations=43 (full 0):
 garbage-first heap   total 261120K, used 237063K [0x0000000080000000, 0x0000000100000000)
  region size 1024K, 82 young (83968K), 8 survivors (8192K)
 Metaspace       used 113497K, committed 115776K, reserved 1179648K
  class space    used 16054K, committed 17152K, reserved 1048576K
}
Event: 26.389 GC heap after
{Heap after GC invocations=44 (full 0):
 garbage-first heap   total 261120K, used 164273K [0x0000000080000000, 0x0000000100000000)
  region size 1024K, 7 young (7168K), 7 survivors (7168K)
 Metaspace       used 113497K, committed 115776K, reserved 1179648K
  class space    used 16054K, committed 17152K, reserved 1048576K
}

